2024-02-26 12:59:43 [] (main:) 
2024-02-26 13:00:20 [Inside - Search Haier] (main:) Haier Chat flow 1 - Step 2
2024-02-26 13:01:07 [Complete - Search Haier] (main:) Haier Chat flow 1 - Step 2
2024-02-26 13:01:08 [Inside - Send haier Customer] (main:) Haier Chat flow 1 - Step 3
2024-02-26 13:01:23 [Complete - Send haier Customer] (main:) Haier Chat flow 1 - Step 3
2024-02-26 13:01:23 [Inside - Send Demo/Intsallation] (main:) Haier Chat flow 1 - Step 4
2024-02-26 13:01:36 [Complete - Send Demo.Installation] (main:) Haier Chat flow 1 - Step 4
2024-02-26 13:01:36 [Inside - Send frist - Yes -] (main:) Haier Chat flow 1 - Step 5
2024-02-26 13:01:49 [Complete - Send frist - Yes -] (main:) Haier Chat flow 1 - Step 5
2024-02-26 13:01:49 [Inside - Send Second - Yes -] (main:) Haier Chat flow 1 - Step 6
2024-02-26 13:02:04 [Complete - Send Second - Yes -] (main:) Haier Chat flow 1 - Step 6
2024-02-26 13:02:04 [Inside - select Refrigerator] (main:) Haier Chat flow 1 - Step 7
2024-02-26 13:02:22 [Complete - select Refrigerator] (main:) Haier Chat flow 1 - Step 7
2024-02-26 13:02:22 [Inside - select Direct Cool] (main:) Haier Chat flow 1 - Step 8
2024-02-26 13:02:40 [Complete - select Direct Cool] (main:) Haier Chat flow 1 - Step 8
2024-02-26 13:02:40 [Inside - send Third - Yes] (main:) Haier Chat flow 1 - Step 9
2024-02-26 13:02:53 [Complete - send Third - Yes] (main:) Haier Chat flow 1 - Step 9
2024-02-26 13:02:53 [Inside - send Exit] (main:) Haier Chat flow 1 - Step 10
2024-02-26 13:03:23 [Complete - send Exit] (main:) Haier Chat flow 1 - Step 10
2024-02-26 14:09:30 [] (main:) 
2024-02-26 14:10:07 [Inside - Search Haier] (main:) Haier Chat flow 1 - Step 2
2024-02-26 14:10:54 [Complete - Search Haier] (main:) Haier Chat flow 1 - Step 2
2024-02-26 14:10:54 [Inside - Send haier Customer] (main:) Haier Chat flow 1 - Step 3
2024-02-26 14:11:10 [Complete - Send haier Customer] (main:) Haier Chat flow 1 - Step 3
2024-02-26 14:11:10 [Inside - Send Demo/Intsallation] (main:) Haier Chat flow 1 - Step 4
2024-02-26 14:11:22 [Complete - Send Demo.Installation] (main:) Haier Chat flow 1 - Step 4
2024-02-26 14:11:22 [Inside - Send frist - Yes -] (main:) Haier Chat flow 1 - Step 5
2024-02-26 14:11:35 [Complete - Send frist - Yes -] (main:) Haier Chat flow 1 - Step 5
2024-02-26 14:11:35 [Inside - Send Second - Yes -] (main:) Haier Chat flow 1 - Step 6
2024-02-26 14:11:50 [Complete - Send Second - Yes -] (main:) Haier Chat flow 1 - Step 6
2024-02-26 14:11:50 [Inside - select Refrigerator] (main:) Haier Chat flow 1 - Step 7
2024-02-26 14:12:08 [Complete - select Refrigerator] (main:) Haier Chat flow 1 - Step 7
2024-02-26 14:12:08 [Inside - select Direct Cool] (main:) Haier Chat flow 1 - Step 8
2024-02-26 14:12:26 [Complete - select Direct Cool] (main:) Haier Chat flow 1 - Step 8
2024-02-26 14:12:26 [Inside - send Third - Yes] (main:) Haier Chat flow 1 - Step 9
2024-02-26 14:12:38 [Complete - send Third - Yes] (main:) Haier Chat flow 1 - Step 9
2024-02-26 14:12:39 [Inside - send Exit] (main:) Haier Chat flow 1 - Step 10
2024-02-26 14:13:09 [Complete - send Exit] (main:) Haier Chat flow 1 - Step 10
2024-02-26 14:35:00 [] (main:) 
2024-02-26 14:35:37 [Inside - Search Haier] (main:) Haier Chat flow 1 - Step 2
2024-02-26 14:36:23 [Complete - Search Haier] (main:) Haier Chat flow 1 - Step 2
2024-02-26 14:36:23 [Inside - Send haier Customer] (main:) Haier Chat flow 1 - Step 3
2024-02-26 14:36:39 [Complete - Send haier Customer] (main:) Haier Chat flow 1 - Step 3
2024-02-26 14:36:39 [Inside - Send Demo/Intsallation] (main:) Haier Chat flow 1 - Step 4
2024-02-26 14:36:52 [Complete - Send Demo.Installation] (main:) Haier Chat flow 1 - Step 4
2024-02-26 14:36:52 [Inside - Send frist - Yes -] (main:) Haier Chat flow 1 - Step 5
2024-02-26 14:37:04 [Complete - Send frist - Yes -] (main:) Haier Chat flow 1 - Step 5
2024-02-26 14:37:04 [Inside - Send Second - Yes -] (main:) Haier Chat flow 1 - Step 6
2024-02-26 14:37:20 [Complete - Send Second - Yes -] (main:) Haier Chat flow 1 - Step 6
2024-02-26 14:37:20 [Inside - select Refrigerator] (main:) Haier Chat flow 1 - Step 7
2024-02-26 14:37:38 [Complete - select Refrigerator] (main:) Haier Chat flow 1 - Step 7
2024-02-26 14:37:38 [Inside - select Direct Cool] (main:) Haier Chat flow 1 - Step 8
2024-02-26 14:37:56 [Complete - select Direct Cool] (main:) Haier Chat flow 1 - Step 8
2024-02-26 14:37:56 [Inside - send Third - Yes] (main:) Haier Chat flow 1 - Step 9
2024-02-26 14:38:09 [Complete - send Third - Yes] (main:) Haier Chat flow 1 - Step 9
2024-02-26 14:38:09 [Inside - send Exit] (main:) Haier Chat flow 1 - Step 10
2024-02-26 14:38:39 [Complete - send Exit] (main:) Haier Chat flow 1 - Step 10
2024-02-26 14:44:28 [] (main:) 
2024-02-26 14:45:05 [Inside - Search Haier] (main:) Haier Chat flow 1 - Step 2
2024-02-26 16:36:12 [] (main:) 
2024-02-26 16:36:49 [Inside - Search Haier] (main:) Haier Chat flow 1 - Step 2
2024-02-26 16:37:35 [Complete - Search Haier] (main:) Haier Chat flow 1 - Step 2
2024-02-26 16:37:35 [Inside - Send haier Customer] (main:) Haier Chat flow 1 - Step 3
2024-02-26 16:37:51 [Complete - Send haier Customer] (main:) Haier Chat flow 1 - Step 3
2024-02-26 16:37:51 [Inside - Send Demo/Intsallation] (main:) Haier Chat flow 1 - Step 4
2024-02-26 16:38:03 [Complete - Send Demo.Installation] (main:) Haier Chat flow 1 - Step 4
2024-02-26 16:38:03 [Inside - Send frist - Yes -] (main:) Haier Chat flow 1 - Step 5
2024-02-26 16:38:16 [Complete - Send frist - Yes -] (main:) Haier Chat flow 1 - Step 5
2024-02-26 16:38:16 [Inside - Send Second - Yes -] (main:) Haier Chat flow 1 - Step 6
2024-02-26 16:38:31 [Complete - Send Second - Yes -] (main:) Haier Chat flow 1 - Step 6
2024-02-26 16:38:31 [Inside - select Refrigerator] (main:) Haier Chat flow 1 - Step 7
2024-02-26 16:38:49 [Complete - select Refrigerator] (main:) Haier Chat flow 1 - Step 7
2024-02-26 16:38:49 [Inside - select Direct Cool] (main:) Haier Chat flow 1 - Step 8
2024-02-26 16:39:06 [Complete - select Direct Cool] (main:) Haier Chat flow 1 - Step 8
2024-02-26 16:39:06 [Inside - send Third - Yes] (main:) Haier Chat flow 1 - Step 9
2024-02-26 16:39:19 [Complete - send Third - Yes] (main:) Haier Chat flow 1 - Step 9
2024-02-26 16:39:19 [Inside - send Exit] (main:) Haier Chat flow 1 - Step 10
2024-02-26 16:39:49 [Complete - send Exit] (main:) Haier Chat flow 1 - Step 10
2024-02-27 10:32:07 [] (main:) 
2024-02-27 10:32:44 [Inside - Search Haier] (main:) Haier Chat flow 1 - Step 2
2024-02-27 10:33:30 [Complete - Search Haier] (main:) Haier Chat flow 1 - Step 2
2024-02-27 10:33:30 [Inside - Send haier Customer] (main:) Haier Chat flow 1 - Step 3
2024-02-27 10:33:45 [Complete - Send haier Customer] (main:) Haier Chat flow 1 - Step 3
2024-02-27 10:33:45 [Inside - Send Demo/Intsallation] (main:) Haier Chat flow 1 - Step 4
2024-02-27 10:33:58 [Complete - Send Demo.Installation] (main:) Haier Chat flow 1 - Step 4
2024-02-27 10:33:58 [Inside - Send frist - Yes -] (main:) Haier Chat flow 1 - Step 5
2024-02-27 10:34:10 [Complete - Send frist - Yes -] (main:) Haier Chat flow 1 - Step 5
2024-02-27 10:34:10 [Inside - Send Second - Yes -] (main:) Haier Chat flow 1 - Step 6
2024-02-27 10:34:26 [Complete - Send Second - Yes -] (main:) Haier Chat flow 1 - Step 6
2024-02-27 10:34:26 [Inside - select Refrigerator] (main:) Haier Chat flow 1 - Step 7
2024-02-27 10:41:05 [] (main:) 
2024-02-27 10:41:41 [Inside - Search Haier] (main:) Haier Chat flow 1 - Step 2
2024-02-27 10:42:27 [Complete - Search Haier] (main:) Haier Chat flow 1 - Step 2
2024-02-27 10:42:27 [Inside - Send haier Customer] (main:) Haier Chat flow 1 - Step 3
2024-02-27 10:42:43 [Complete - Send haier Customer] (main:) Haier Chat flow 1 - Step 3
2024-02-27 10:42:43 [Inside - Send Demo/Intsallation] (main:) Haier Chat flow 1 - Step 4
2024-02-27 10:42:55 [Complete - Send Demo.Installation] (main:) Haier Chat flow 1 - Step 4
2024-02-27 10:42:55 [Inside - Send frist - Yes -] (main:) Haier Chat flow 1 - Step 5
2024-02-27 10:43:08 [Complete - Send frist - Yes -] (main:) Haier Chat flow 1 - Step 5
2024-02-27 10:43:08 [Inside - Send Second - Yes -] (main:) Haier Chat flow 1 - Step 6
2024-02-27 10:43:23 [Complete - Send Second - Yes -] (main:) Haier Chat flow 1 - Step 6
2024-02-27 10:43:23 [Inside - select Refrigerator] (main:) Haier Chat flow 1 - Step 7
2024-02-27 10:43:41 [Complete - select Refrigerator] (main:) Haier Chat flow 1 - Step 7
2024-02-27 10:43:41 [Inside - select Direct Cool] (main:) Haier Chat flow 1 - Step 8
2024-02-27 10:43:59 [Complete - select Direct Cool] (main:) Haier Chat flow 1 - Step 8
2024-02-27 10:43:59 [Inside - send Third - Yes] (main:) Haier Chat flow 1 - Step 9
2024-02-27 10:44:11 [Complete - send Third - Yes] (main:) Haier Chat flow 1 - Step 9
2024-02-27 10:44:11 [Inside - send Exit] (main:) Haier Chat flow 1 - Step 10
2024-02-27 10:44:41 [Complete - send Exit] (main:) Haier Chat flow 1 - Step 10
2024-02-27 11:02:54 [] (main:) 
2024-02-27 11:03:29 [Inside - Search Haier] (main:) Haier Chat flow 1 - Step 2
2024-02-27 11:04:15 [Complete - Search Haier] (main:) Haier Chat flow 1 - Step 2
2024-02-27 11:04:15 [Inside - Send haier Customer] (main:) Haier Chat flow 1 - Step 3
2024-02-27 11:04:31 [Complete - Send haier Customer] (main:) Haier Chat flow 1 - Step 3
2024-02-27 11:04:31 [Inside - Send Demo/Intsallation] (main:) Haier Chat flow 1 - Step 4
2024-02-27 11:04:43 [Complete - Send Demo.Installation] (main:) Haier Chat flow 1 - Step 4
2024-02-27 11:04:43 [Inside - Send frist - Yes -] (main:) Haier Chat flow 1 - Step 5
2024-02-27 11:04:56 [Complete - Send frist - Yes -] (main:) Haier Chat flow 1 - Step 5
2024-02-27 11:04:56 [Inside - Send Second - Yes -] (main:) Haier Chat flow 1 - Step 6
2024-02-27 11:05:11 [Complete - Send Second - Yes -] (main:) Haier Chat flow 1 - Step 6
2024-02-27 11:05:11 [Inside - select Refrigerator] (main:) Haier Chat flow 1 - Step 7
2024-02-27 11:05:29 [Complete - select Refrigerator] (main:) Haier Chat flow 1 - Step 7
2024-02-27 11:05:29 [Inside - select Direct Cool] (main:) Haier Chat flow 1 - Step 8
2024-02-27 11:05:47 [Complete - select Direct Cool] (main:) Haier Chat flow 1 - Step 8
2024-02-27 11:05:47 [Inside - send Third - Yes] (main:) Haier Chat flow 1 - Step 9
2024-02-27 11:05:59 [Complete - send Third - Yes] (main:) Haier Chat flow 1 - Step 9
2024-02-27 11:05:59 [Inside - send Exit] (main:) Haier Chat flow 1 - Step 10
2024-02-27 11:06:29 [Complete - send Exit] (main:) Haier Chat flow 1 - Step 10
2024-02-27 11:16:05 [] (main:) 
2024-02-27 11:16:42 [Inside - Search Haier] (main:) Haier Chat flow 1 - Step 2
2024-02-27 11:17:28 [Complete - Search Haier] (main:) Haier Chat flow 1 - Step 2
2024-02-27 11:17:28 [Inside - Send haier Customer] (main:) Haier Chat flow 1 - Step 3
2024-02-27 11:17:43 [Complete - Send haier Customer] (main:) Haier Chat flow 1 - Step 3
2024-02-27 11:17:43 [Inside - Send Demo/Intsallation] (main:) Haier Chat flow 1 - Step 4
2024-02-27 11:17:56 [Complete - Send Demo.Installation] (main:) Haier Chat flow 1 - Step 4
2024-02-27 11:17:56 [Inside - Send frist - Yes -] (main:) Haier Chat flow 1 - Step 5
2024-02-27 11:18:08 [Complete - Send frist - Yes -] (main:) Haier Chat flow 1 - Step 5
2024-02-27 11:18:08 [Inside - Send Second - Yes -] (main:) Haier Chat flow 1 - Step 6
2024-02-27 11:18:24 [Complete - Send Second - Yes -] (main:) Haier Chat flow 1 - Step 6
2024-02-27 11:18:24 [Inside - select Refrigerator] (main:) Haier Chat flow 1 - Step 7
2024-02-27 11:18:41 [Complete - select Refrigerator] (main:) Haier Chat flow 1 - Step 7
2024-02-27 11:18:41 [Inside - select Direct Cool] (main:) Haier Chat flow 1 - Step 8
2024-02-27 11:18:59 [Complete - select Direct Cool] (main:) Haier Chat flow 1 - Step 8
2024-02-27 11:18:59 [Inside - send Third - Yes] (main:) Haier Chat flow 1 - Step 9
2024-02-27 11:19:11 [Complete - send Third - Yes] (main:) Haier Chat flow 1 - Step 9
2024-02-27 11:19:11 [Inside - send Exit] (main:) Haier Chat flow 1 - Step 10
2024-02-27 11:19:41 [Complete - send Exit] (main:) Haier Chat flow 1 - Step 10
2024-02-27 11:27:24 [] (main:) 
2024-02-27 11:28:01 [Inside - Search Haier] (main:) Haier Chat flow 1 - Step 2
2024-02-27 11:28:47 [Complete - Search Haier] (main:) Haier Chat flow 1 - Step 2
2024-02-27 11:28:47 [Inside - Send haier Customer] (main:) Haier Chat flow 1 - Step 3
2024-02-27 11:29:02 [Complete - Send haier Customer] (main:) Haier Chat flow 1 - Step 3
2024-02-27 11:29:02 [Inside - Send Demo/Intsallation] (main:) Haier Chat flow 1 - Step 4
2024-02-27 11:29:15 [Complete - Send Demo.Installation] (main:) Haier Chat flow 1 - Step 4
2024-02-27 11:29:15 [Inside - Send frist - Yes -] (main:) Haier Chat flow 1 - Step 5
2024-02-27 11:29:27 [Complete - Send frist - Yes -] (main:) Haier Chat flow 1 - Step 5
2024-02-27 11:29:27 [Inside - Send Second - Yes -] (main:) Haier Chat flow 1 - Step 6
2024-02-27 11:29:43 [Complete - Send Second - Yes -] (main:) Haier Chat flow 1 - Step 6
2024-02-27 11:29:43 [Inside - select Refrigerator] (main:) Haier Chat flow 1 - Step 7
2024-02-27 15:25:24 [] (main:) 
2024-02-27 15:26:01 [Inside - Search Haier] (main:) Haier Chat flow 1 - Step 2
2024-02-27 15:26:48 [Complete - Search Haier] (main:) Haier Chat flow 1 - Step 2
2024-02-27 15:26:48 [Inside - Send haier Customer] (main:) Haier Chat flow 1 - Step 3
2024-02-27 15:27:04 [Complete - Send haier Customer] (main:) Haier Chat flow 1 - Step 3
2024-02-27 15:27:04 [Inside - Send Demo/Intsallation] (main:) Haier Chat flow 1 - Step 4
2024-02-27 15:27:16 [Complete - Send Demo.Installation] (main:) Haier Chat flow 1 - Step 4
2024-02-27 15:27:16 [Inside - Send frist - Yes -] (main:) Haier Chat flow 1 - Step 5
2024-02-27 15:27:29 [Complete - Send frist - Yes -] (main:) Haier Chat flow 1 - Step 5
2024-02-27 15:27:29 [Inside - Send Second - Yes -] (main:) Haier Chat flow 1 - Step 6
2024-02-27 15:27:44 [Complete - Send Second - Yes -] (main:) Haier Chat flow 1 - Step 6
2024-02-27 15:27:44 [Inside - select Refrigerator] (main:) Haier Chat flow 1 - Step 7
2024-03-03 07:07:20 [] (main:) 
2024-03-03 07:07:56 [Inside - Search Haier] (main:) Haier Chat flow 1 - Step 2
2024-03-04 10:55:38 [] (main:) 
2024-03-04 10:56:15 [Inside - Search Haier] (main:) Haier Chat flow 1 - Step 2
2024-03-04 10:57:01 [Complete - Search Haier] (main:) Haier Chat flow 1 - Step 2
2024-03-04 10:57:01 [Inside - Send haier Customer] (main:) Haier Chat flow 1 - Step 3
2024-03-04 10:57:17 [Complete - Send haier Customer] (main:) Haier Chat flow 1 - Step 3
2024-03-04 10:57:17 [Inside - Send Demo/Intsallation] (main:) Haier Chat flow 1 - Step 4
2024-03-04 10:57:29 [Complete - Send Demo.Installation] (main:) Haier Chat flow 1 - Step 4
2024-03-04 10:57:29 [Inside - Send frist - Yes -] (main:) Haier Chat flow 1 - Step 5
2024-03-04 10:57:42 [Complete - Send frist - Yes -] (main:) Haier Chat flow 1 - Step 5
2024-03-04 10:57:42 [Inside - Send Second - Yes -] (main:) Haier Chat flow 1 - Step 6
2024-03-04 10:57:57 [Complete - Send Second - Yes -] (main:) Haier Chat flow 1 - Step 6
2024-03-04 10:57:57 [Inside - select Refrigerator] (main:) Haier Chat flow 1 - Step 7
2024-03-04 11:07:14 [] (main:) 
2024-03-04 11:07:50 [Inside - Search Haier] (main:) Haier Chat flow 1 - Step 2
2024-03-04 11:08:37 [Complete - Search Haier] (main:) Haier Chat flow 1 - Step 2
2024-03-04 11:08:37 [Inside - Send haier Customer] (main:) Haier Chat flow 1 - Step 3
2024-03-04 11:08:53 [Complete - Send haier Customer] (main:) Haier Chat flow 1 - Step 3
2024-03-04 11:08:53 [Inside - Send Demo/Intsallation] (main:) Haier Chat flow 1 - Step 4
2024-03-04 11:09:05 [Complete - Send Demo.Installation] (main:) Haier Chat flow 1 - Step 4
2024-03-04 11:09:05 [Inside - Send frist - Yes -] (main:) Haier Chat flow 1 - Step 5
2024-03-04 11:09:18 [Complete - Send frist - Yes -] (main:) Haier Chat flow 1 - Step 5
2024-03-04 11:09:18 [Inside - Send Second - Yes -] (main:) Haier Chat flow 1 - Step 6
2024-03-04 11:09:33 [Complete - Send Second - Yes -] (main:) Haier Chat flow 1 - Step 6
2024-03-04 11:09:33 [Inside - select Refrigerator] (main:) Haier Chat flow 1 - Step 7
2024-03-04 11:10:37 [] (main:) 
2024-03-04 11:11:13 [Inside - Search Haier] (main:) Haier Chat flow 1 - Step 2
2024-03-04 11:12:00 [Complete - Search Haier] (main:) Haier Chat flow 1 - Step 2
2024-03-04 11:12:00 [Inside - Send haier Customer] (main:) Haier Chat flow 1 - Step 3
2024-03-04 11:12:15 [Complete - Send haier Customer] (main:) Haier Chat flow 1 - Step 3
2024-03-04 11:12:16 [Inside - Send Demo/Intsallation] (main:) Haier Chat flow 1 - Step 4
2024-03-04 11:12:28 [Complete - Send Demo.Installation] (main:) Haier Chat flow 1 - Step 4
2024-03-04 11:12:28 [Inside - Send frist - Yes -] (main:) Haier Chat flow 1 - Step 5
2024-03-04 11:12:41 [Complete - Send frist - Yes -] (main:) Haier Chat flow 1 - Step 5
2024-03-04 11:12:41 [Inside - Send Second - Yes -] (main:) Haier Chat flow 1 - Step 6
2024-03-04 11:12:56 [Complete - Send Second - Yes -] (main:) Haier Chat flow 1 - Step 6
2024-03-04 11:12:56 [Inside - select Refrigerator] (main:) Haier Chat flow 1 - Step 7
2024-03-04 11:36:16 [] (main:) 
2024-03-04 11:36:54 [Inside - Search Haier] (main:) Haier Chat flow 1 - Step 2
2024-03-04 11:37:40 [Complete - Search Haier] (main:) Haier Chat flow 1 - Step 2
2024-03-04 11:37:40 [Inside - Send haier Customer] (main:) Haier Chat flow 1 - Step 3
2024-03-04 11:37:56 [Complete - Send haier Customer] (main:) Haier Chat flow 1 - Step 3
2024-03-04 11:37:56 [Inside - Send Demo/Intsallation] (main:) Haier Chat flow 1 - Step 4
2024-03-04 11:38:08 [Complete - Send Demo.Installation] (main:) Haier Chat flow 1 - Step 4
2024-03-04 11:38:08 [Inside - Send frist - Yes -] (main:) Haier Chat flow 1 - Step 5
2024-03-04 11:38:21 [Complete - Send frist - Yes -] (main:) Haier Chat flow 1 - Step 5
2024-03-04 11:38:21 [Inside - Send Second - Yes -] (main:) Haier Chat flow 1 - Step 6
2024-03-04 11:38:36 [Complete - Send Second - Yes -] (main:) Haier Chat flow 1 - Step 6
2024-03-04 11:38:36 [Inside - select Refrigerator] (main:) Haier Chat flow 1 - Step 7
2024-03-04 11:48:44 [] (main:) 
2024-03-04 11:49:22 [Inside - Search Haier] (main:) Haier Chat flow 1 - Step 2
2024-03-04 12:11:49 [] (main:) 
2024-03-04 12:12:25 [Inside - Search Haier] (main:) Haier Chat flow 1 - Step 2
2024-03-04 12:13:12 [Complete - Search Haier] (main:) Haier Chat flow 1 - Step 2
2024-03-04 12:13:12 [Inside - Send haier Customer] (main:) Haier Chat flow 1 - Step 3
2024-03-04 12:13:27 [Complete - Send haier Customer] (main:) Haier Chat flow 1 - Step 3
2024-03-04 12:13:27 [Inside - Send Demo/Intsallation] (main:) Haier Chat flow 1 - Step 4
2024-03-04 12:13:40 [Complete - Send Demo.Installation] (main:) Haier Chat flow 1 - Step 4
2024-03-04 12:13:40 [Inside - Send frist - Yes -] (main:) Haier Chat flow 1 - Step 5
2024-03-04 12:13:52 [Complete - Send frist - Yes -] (main:) Haier Chat flow 1 - Step 5
2024-03-04 12:13:52 [Inside - Send Second - Yes -] (main:) Haier Chat flow 1 - Step 6
2024-03-04 12:14:08 [Complete - Send Second - Yes -] (main:) Haier Chat flow 1 - Step 6
2024-03-04 12:14:08 [Inside - select Refrigerator] (main:) Haier Chat flow 1 - Step 7
2024-03-04 12:14:26 [Complete - select Refrigerator] (main:) Haier Chat flow 1 - Step 7
2024-03-04 12:14:26 [Inside - select Direct Cool] (main:) Haier Chat flow 1 - Step 8
2024-03-04 12:14:43 [Complete - select Direct Cool] (main:) Haier Chat flow 1 - Step 8
2024-03-04 12:14:43 [Inside - send Third - Yes] (main:) Haier Chat flow 1 - Step 9
2024-03-04 12:14:56 [Complete - send Third - Yes] (main:) Haier Chat flow 1 - Step 9
2024-03-04 12:14:56 [Inside - send Exit] (main:) Haier Chat flow 1 - Step 10
2024-03-04 12:15:26 [Complete - send Exit] (main:) Haier Chat flow 1 - Step 10
2024-03-04 12:17:08 [] (main:) 
2024-03-04 12:17:44 [Inside - Search Haier] (main:) Haier Chat flow 1 - Step 2
2024-03-04 12:44:06 [] (main:) 
2024-03-04 12:44:42 [Inside - Search Haier] (main:) Haier Chat flow 1 - Step 2
2024-03-04 12:45:29 [Complete - Search Haier] (main:) Haier Chat flow 1 - Step 2
2024-03-04 12:45:29 [Inside - Send haier Customer] (main:) Haier Chat flow 1 - Step 3
2024-03-04 12:45:44 [Complete - Send haier Customer] (main:) Haier Chat flow 1 - Step 3
2024-03-04 12:45:44 [Inside - Send Demo/Intsallation] (main:) Haier Chat flow 1 - Step 4
2024-03-04 12:45:57 [Complete - Send Demo.Installation] (main:) Haier Chat flow 1 - Step 4
2024-03-04 12:45:57 [Inside - Send frist - Yes -] (main:) Haier Chat flow 1 - Step 5
2024-03-04 12:46:09 [Complete - Send frist - Yes -] (main:) Haier Chat flow 1 - Step 5
2024-03-04 12:46:09 [Inside - Send Second - Yes -] (main:) Haier Chat flow 1 - Step 6
2024-03-04 12:46:25 [Complete - Send Second - Yes -] (main:) Haier Chat flow 1 - Step 6
2024-03-04 12:46:25 [Inside - select Refrigerator] (main:) Haier Chat flow 1 - Step 7
2024-03-04 12:46:43 [Complete - select Refrigerator] (main:) Haier Chat flow 1 - Step 7
2024-03-04 12:46:43 [Inside - select Direct Cool] (main:) Haier Chat flow 1 - Step 8
2024-03-04 12:47:01 [Complete - select Direct Cool] (main:) Haier Chat flow 1 - Step 8
2024-03-04 12:47:01 [Inside - send Third - Yes] (main:) Haier Chat flow 1 - Step 9
2024-03-04 12:47:13 [Complete - send Third - Yes] (main:) Haier Chat flow 1 - Step 9
2024-03-04 12:47:13 [Inside - send Exit] (main:) Haier Chat flow 1 - Step 10
2024-03-04 12:47:44 [Complete - send Exit] (main:) Haier Chat flow 1 - Step 10
2024-03-04 14:24:47 [] (main:) 
2024-03-04 14:25:23 [Inside - Search Haier] (main:) Haier Chat flow 1 - Step 2
2024-03-04 14:26:10 [Complete - Search Haier] (main:) Haier Chat flow 1 - Step 2
2024-03-04 14:26:10 [Inside - Send haier Customer] (main:) Haier Chat flow 1 - Step 3
2024-03-04 14:26:25 [Complete - Send haier Customer] (main:) Haier Chat flow 1 - Step 3
2024-03-04 14:26:25 [Inside - Send Demo/Intsallation] (main:) Haier Chat flow 1 - Step 4
2024-03-04 14:26:38 [Complete - Send Demo.Installation] (main:) Haier Chat flow 1 - Step 4
2024-03-04 14:26:38 [Inside - Send frist - Yes -] (main:) Haier Chat flow 1 - Step 5
2024-03-04 14:26:50 [Complete - Send frist - Yes -] (main:) Haier Chat flow 1 - Step 5
2024-03-04 14:26:50 [Inside - Send Second - Yes -] (main:) Haier Chat flow 1 - Step 6
2024-03-04 14:27:06 [Complete - Send Second - Yes -] (main:) Haier Chat flow 1 - Step 6
2024-03-04 14:27:06 [Inside - select Refrigerator] (main:) Haier Chat flow 1 - Step 7
2024-03-04 14:27:24 [Complete - select Refrigerator] (main:) Haier Chat flow 1 - Step 7
2024-03-04 14:27:24 [Inside - select Direct Cool] (main:) Haier Chat flow 1 - Step 8
2024-03-04 14:27:41 [Complete - select Direct Cool] (main:) Haier Chat flow 1 - Step 8
2024-03-04 14:27:41 [Inside - send Third - Yes] (main:) Haier Chat flow 1 - Step 9
2024-03-04 14:27:54 [Complete - send Third - Yes] (main:) Haier Chat flow 1 - Step 9
2024-03-04 14:27:54 [Inside - send Exit] (main:) Haier Chat flow 1 - Step 10
2024-03-04 14:28:24 [Complete - send Exit] (main:) Haier Chat flow 1 - Step 10
2024-03-04 14:56:00 [] (main:) 
2024-03-04 14:56:36 [Inside - Search Haier] (main:) Haier Chat flow 1 - Step 2
2024-03-04 14:57:23 [Complete - Search Haier] (main:) Haier Chat flow 1 - Step 2
2024-03-04 14:57:23 [Inside - Send haier Customer] (main:) Haier Chat flow 1 - Step 3
2024-03-04 14:57:38 [Complete - Send haier Customer] (main:) Haier Chat flow 1 - Step 3
2024-03-04 14:57:38 [Inside - Send Demo/Intsallation] (main:) Haier Chat flow 1 - Step 4
2024-03-04 14:57:51 [Complete - Send Demo.Installation] (main:) Haier Chat flow 1 - Step 4
2024-03-04 14:57:51 [Inside - Send frist - Yes -] (main:) Haier Chat flow 1 - Step 5
2024-03-04 14:58:03 [Complete - Send frist - Yes -] (main:) Haier Chat flow 1 - Step 5
2024-03-04 14:58:03 [Inside - Send Second - Yes -] (main:) Haier Chat flow 1 - Step 6
2024-03-04 14:58:19 [Complete - Send Second - Yes -] (main:) Haier Chat flow 1 - Step 6
2024-03-04 14:58:19 [Inside - select Refrigerator] (main:) Haier Chat flow 1 - Step 7
2024-03-04 14:58:37 [Complete - select Refrigerator] (main:) Haier Chat flow 1 - Step 7
2024-03-04 14:58:37 [Inside - select Direct Cool] (main:) Haier Chat flow 1 - Step 8
2024-03-04 14:58:54 [Complete - select Direct Cool] (main:) Haier Chat flow 1 - Step 8
2024-03-04 14:58:54 [Inside - send Third - Yes] (main:) Haier Chat flow 1 - Step 9
2024-03-04 14:59:07 [Complete - send Third - Yes] (main:) Haier Chat flow 1 - Step 9
2024-03-04 14:59:07 [Inside - send Exit] (main:) Haier Chat flow 1 - Step 10
2024-03-04 14:59:37 [Complete - send Exit] (main:) Haier Chat flow 1 - Step 10
2024-03-04 15:16:14 [] (main:) 
2024-03-04 15:16:50 [Inside - Search Haier] (main:) Haier Chat flow 1 - Step 2
2024-03-04 15:17:36 [Complete - Search Haier] (main:) Haier Chat flow 1 - Step 2
2024-03-04 15:17:36 [Inside - Send haier Customer] (main:) Haier Chat flow 1 - Step 3
2024-03-04 15:17:52 [Complete - Send haier Customer] (main:) Haier Chat flow 1 - Step 3
2024-03-04 15:17:52 [Inside - Send Demo/Intsallation] (main:) Haier Chat flow 1 - Step 4
2024-03-04 15:18:04 [Complete - Send Demo.Installation] (main:) Haier Chat flow 1 - Step 4
2024-03-04 15:18:04 [Inside - Send frist - Yes -] (main:) Haier Chat flow 1 - Step 5
2024-03-04 15:18:17 [Complete - Send frist - Yes -] (main:) Haier Chat flow 1 - Step 5
2024-03-04 15:18:17 [Inside - Send Second - Yes -] (main:) Haier Chat flow 1 - Step 6
2024-03-04 15:18:32 [Complete - Send Second - Yes -] (main:) Haier Chat flow 1 - Step 6
2024-03-04 15:18:32 [Inside - select Refrigerator] (main:) Haier Chat flow 1 - Step 7
2024-03-04 15:18:50 [Complete - select Refrigerator] (main:) Haier Chat flow 1 - Step 7
2024-03-04 15:18:50 [Inside - select Direct Cool] (main:) Haier Chat flow 1 - Step 8
2024-03-04 15:19:08 [Complete - select Direct Cool] (main:) Haier Chat flow 1 - Step 8
2024-03-04 15:19:08 [Inside - send Third - Yes] (main:) Haier Chat flow 1 - Step 9
2024-03-04 15:19:20 [Complete - send Third - Yes] (main:) Haier Chat flow 1 - Step 9
2024-03-04 15:19:20 [Inside - send Exit] (main:) Haier Chat flow 1 - Step 10
2024-03-04 15:19:51 [Complete - send Exit] (main:) Haier Chat flow 1 - Step 10
2024-03-04 16:55:46 [] (main:) 
2024-03-04 16:56:22 [Inside - Search Haier] (main:) Haier Chat flow 1 - Step 2
2024-03-04 16:57:08 [Complete - Search Haier] (main:) Haier Chat flow 1 - Step 2
2024-03-04 16:57:08 [Inside - Send haier Customer] (main:) Haier Chat flow 1 - Step 3
2024-03-04 16:57:23 [Complete - Send haier Customer] (main:) Haier Chat flow 1 - Step 3
2024-03-04 16:57:23 [Inside - Send Demo/Intsallation] (main:) Haier Chat flow 1 - Step 4
2024-03-04 16:57:36 [Complete - Send Demo.Installation] (main:) Haier Chat flow 1 - Step 4
2024-03-04 16:57:36 [Inside - Send frist - Yes -] (main:) Haier Chat flow 1 - Step 5
2024-03-04 16:57:48 [Complete - Send frist - Yes -] (main:) Haier Chat flow 1 - Step 5
2024-03-04 16:57:48 [Inside - Send Second - Yes -] (main:) Haier Chat flow 1 - Step 6
2024-03-04 16:58:04 [Complete - Send Second - Yes -] (main:) Haier Chat flow 1 - Step 6
2024-03-04 16:58:04 [Inside - select Refrigerator] (main:) Haier Chat flow 1 - Step 7
2024-03-04 16:58:22 [Complete - select Refrigerator] (main:) Haier Chat flow 1 - Step 7
2024-03-04 16:58:22 [Inside - select Direct Cool] (main:) Haier Chat flow 1 - Step 8
2024-03-04 16:58:39 [Complete - select Direct Cool] (main:) Haier Chat flow 1 - Step 8
2024-03-04 16:58:39 [Inside - send Third - Yes] (main:) Haier Chat flow 1 - Step 9
2024-03-04 16:58:52 [Complete - send Third - Yes] (main:) Haier Chat flow 1 - Step 9
2024-03-04 16:58:52 [Inside - send Exit] (main:) Haier Chat flow 1 - Step 10
2024-03-04 16:59:22 [Complete - send Exit] (main:) Haier Chat flow 1 - Step 10
2024-03-04 17:20:01 [] (main:) 
2024-03-04 17:20:37 [Inside - Search Haier] (main:) Haier Chat flow 1 - Step 2
2024-03-04 17:21:23 [Complete - Search Haier] (main:) Haier Chat flow 1 - Step 2
2024-03-04 17:21:23 [Inside - Send haier Customer] (main:) Haier Chat flow 1 - Step 3
2024-03-04 17:21:38 [Complete - Send haier Customer] (main:) Haier Chat flow 1 - Step 3
2024-03-04 17:21:38 [Inside - Send Demo/Intsallation] (main:) Haier Chat flow 1 - Step 4
2024-03-04 17:21:51 [Complete - Send Demo.Installation] (main:) Haier Chat flow 1 - Step 4
2024-03-04 17:21:51 [Inside - Send frist - Yes -] (main:) Haier Chat flow 1 - Step 5
2024-03-04 17:22:03 [Complete - Send frist - Yes -] (main:) Haier Chat flow 1 - Step 5
2024-03-04 17:22:03 [Inside - Send Second - Yes -] (main:) Haier Chat flow 1 - Step 6
2024-03-04 17:22:19 [Complete - Send Second - Yes -] (main:) Haier Chat flow 1 - Step 6
2024-03-04 17:22:19 [Inside - select Refrigerator] (main:) Haier Chat flow 1 - Step 7
2024-03-04 17:22:37 [Complete - select Refrigerator] (main:) Haier Chat flow 1 - Step 7
2024-03-04 17:22:37 [Inside - select Direct Cool] (main:) Haier Chat flow 1 - Step 8
2024-03-04 17:22:54 [Complete - select Direct Cool] (main:) Haier Chat flow 1 - Step 8
2024-03-04 17:22:54 [Inside - send Third - Yes] (main:) Haier Chat flow 1 - Step 9
2024-03-04 17:23:07 [Complete - send Third - Yes] (main:) Haier Chat flow 1 - Step 9
2024-03-04 17:23:07 [Inside - send Exit] (main:) Haier Chat flow 1 - Step 10
2024-03-04 17:23:37 [Complete - send Exit] (main:) Haier Chat flow 1 - Step 10
2024-03-07 11:10:01 [Whatsapp Open - Inside] (main:) Haier Step - 1
2024-03-07 11:10:38 [Whatsapp Open - Complete] (main:) Haier Step - 1
2024-03-07 11:10:38 [Send Hi - Inside] (main:) Haier Step - 2
2024-03-07 11:11:24 [Complete - Search Haier] (main:) Haier Chat flow 1 - Step 2
2024-03-07 11:11:24 [Send Hi - Complete] (main:) Haier Step - 2
2024-03-07 11:11:24 [Send Haier - Inside] (main:) Haier Step - 3
2024-03-07 11:11:24 [Inside - Send haier Customer] (main:) Haier Chat flow 1 - Step 3
2024-03-07 11:11:40 [Send Haier - Complete] (main:) Haier Step - 3
2024-03-07 11:11:40 [Send Demo/Installation - Inside] (main:) Haier Step - 4
2024-03-07 11:11:52 [Send Demo/Installation - Complete] (main:) Haier Step - 4
2024-03-07 11:11:52 [Send - Yes - Inside] (main:) Haier Step - 5
2024-03-07 11:12:05 [Send - Yes - Complete] (main:) Haier Step - 5
2024-03-07 11:12:05 [Send - Yes Again - Inside] (main:) Haier Step - 6
2024-03-07 11:12:20 [Send - Yes Again - Complete] (main:) Haier Step - 6
2024-03-07 11:12:20 [Send - Select Rfrigerator - Inside] (main:) Haier Step - 7
2024-03-07 11:12:38 [Send - Select Rfrigerator - Inside] (main:) Haier Step - 7
2024-03-07 11:12:38 [Inside - select Direct Cool] (main:) Haier Chat flow 1 - Step 8
2024-03-07 11:12:55 [Complete - select Direct Cool] (main:) Haier Chat flow 1 - Step 8
2024-03-07 11:12:55 [Inside - send Third - Yes] (main:) Haier Chat flow 1 - Step 9
2024-03-07 11:13:08 [Complete - send Third - Yes] (main:) Haier Chat flow 1 - Step 9
2024-03-07 11:13:08 [Inside - send Exit] (main:) Haier Chat flow 1 - Step 10
2024-03-07 11:13:38 [Complete - send Exit] (main:) Haier Chat flow 1 - Step 10
2024-03-07 14:24:52 [Whatsapp Open - Inside] (main:) Haier Step - 1
2024-03-07 14:25:28 [Whatsapp Open - Complete] (main:) Haier Step - 1
2024-03-07 14:25:29 [Send Hi - Inside] (main:) Haier Step - 2
2024-03-07 14:26:15 [Complete - Search Haier] (main:) Haier Chat flow 1 - Step 2
2024-03-07 14:26:15 [Send Hi - Complete] (main:) Haier Step - 2
2024-03-07 14:26:15 [Send Haier - Inside] (main:) Haier Step - 3
2024-03-07 14:26:15 [Inside - Send haier Customer] (main:) Haier Chat flow 1 - Step 3
2024-03-07 14:26:31 [Send Haier - Complete] (main:) Haier Step - 3
2024-03-07 14:26:31 [Send Demo/Installation - Inside] (main:) Haier Step - 4
2024-03-07 14:26:43 [Send Demo/Installation - Complete] (main:) Haier Step - 4
2024-03-07 14:26:43 [Send - Yes - Inside] (main:) Haier Step - 5
2024-03-07 14:26:56 [Send - Yes - Complete] (main:) Haier Step - 5
2024-03-07 14:26:56 [Send - Yes Again - Inside] (main:) Haier Step - 6
2024-03-07 14:27:11 [Send - Yes Again - Complete] (main:) Haier Step - 6
2024-03-07 14:27:11 [Send - Select Rfrigerator - Inside] (main:) Haier Step - 7
2024-03-07 14:27:29 [Send - Select Rfrigerator - Inside] (main:) Haier Step - 7
2024-03-07 14:27:29 [Inside - select Direct Cool] (main:) Haier Chat flow 1 - Step 8
2024-03-07 14:27:47 [Complete - select Direct Cool] (main:) Haier Chat flow 1 - Step 8
2024-03-07 14:27:47 [Inside - send Third - Yes] (main:) Haier Chat flow 1 - Step 9
2024-03-07 14:27:59 [Complete - send Third - Yes] (main:) Haier Chat flow 1 - Step 9
2024-03-07 14:27:59 [Inside - send Exit] (main:) Haier Chat flow 1 - Step 10
2024-03-07 14:28:29 [Complete - send Exit] (main:) Haier Chat flow 1 - Step 10
2024-03-07 15:07:46 [Whatsapp Open - Inside] (main:) Haier Step - 1
2024-03-07 15:08:23 [Whatsapp Open - Complete] (main:) Haier Step - 1
2024-03-07 15:08:23 [Send Hi - Inside] (main:) Haier Step - 2
2024-03-07 15:09:09 [Complete - Search Haier] (main:) Haier Chat flow 1 - Step 2
2024-03-07 15:09:09 [Send Hi - Complete] (main:) Haier Step - 2
2024-03-07 15:09:09 [Send Haier - Inside] (main:) Haier Step - 3
2024-03-07 15:09:09 [Inside - Send haier Customer] (main:) Haier Chat flow 1 - Step 3
2024-03-07 15:09:25 [Send Haier - Complete] (main:) Haier Step - 3
2024-03-07 15:09:25 [Send Demo/Installation - Inside] (main:) Haier Step - 4
2024-03-07 15:09:37 [Send Demo/Installation - Complete] (main:) Haier Step - 4
2024-03-07 15:09:37 [Send - Yes - Inside] (main:) Haier Step - 5
2024-03-07 15:09:50 [Send - Yes - Complete] (main:) Haier Step - 5
2024-03-07 15:09:50 [Send - Yes Again - Inside] (main:) Haier Step - 6
2024-03-07 15:10:05 [Send - Yes Again - Complete] (main:) Haier Step - 6
2024-03-07 15:10:05 [Send - Select Rfrigerator - Inside] (main:) Haier Step - 7
2024-03-07 15:10:23 [Send - Select Rfrigerator - Inside] (main:) Haier Step - 7
2024-03-07 15:10:23 [Inside - select Direct Cool] (main:) Haier Chat flow 1 - Step 8
2024-03-07 15:10:40 [Complete - select Direct Cool] (main:) Haier Chat flow 1 - Step 8
2024-03-07 15:10:40 [Inside - send Third - Yes] (main:) Haier Chat flow 1 - Step 9
2024-03-07 15:10:53 [Complete - send Third - Yes] (main:) Haier Chat flow 1 - Step 9
2024-03-07 15:10:53 [Inside - send Exit] (main:) Haier Chat flow 1 - Step 10
2024-03-07 15:11:23 [Complete - send Exit] (main:) Haier Chat flow 1 - Step 10
2024-03-07 15:49:04 [Whatsapp Open - Inside] (main:) Haier Step - 1
2024-03-07 15:49:42 [Whatsapp Open - Complete] (main:) Haier Step - 1
2024-03-07 15:49:42 [Send Hi - Inside] (main:) Haier Step - 2
2024-03-07 15:50:29 [Complete - Search Haier] (main:) Haier Chat flow 1 - Step 2
2024-03-07 15:50:29 [Send Hi - Complete] (main:) Haier Step - 2
2024-03-07 15:50:29 [Send Haier - Inside] (main:) Haier Step - 3
2024-03-07 15:50:29 [Inside - Send haier Customer] (main:) Haier Chat flow 1 - Step 3
2024-03-07 15:50:45 [Send Haier - Complete] (main:) Haier Step - 3
2024-03-07 15:50:45 [Send Demo/Installation - Inside] (main:) Haier Step - 4
2024-03-07 15:50:57 [Send Demo/Installation - Complete] (main:) Haier Step - 4
2024-03-07 15:50:57 [Send - Yes - Inside] (main:) Haier Step - 5
2024-03-07 15:51:10 [Send - Yes - Complete] (main:) Haier Step - 5
2024-03-07 15:51:10 [Send - Yes Again - Inside] (main:) Haier Step - 6
2024-03-07 15:51:25 [Send - Yes Again - Complete] (main:) Haier Step - 6
2024-03-07 15:51:26 [Send - Select Rfrigerator - Inside] (main:) Haier Step - 7
2024-03-07 15:51:43 [Send - Select Rfrigerator - Inside] (main:) Haier Step - 7
2024-03-07 15:51:43 [Inside - select Direct Cool] (main:) Haier Chat flow 1 - Step 8
2024-03-07 15:52:01 [Complete - select Direct Cool] (main:) Haier Chat flow 1 - Step 8
2024-03-07 15:52:01 [Inside - send Third - Yes] (main:) Haier Chat flow 1 - Step 9
2024-03-07 15:52:14 [Complete - send Third - Yes] (main:) Haier Chat flow 1 - Step 9
2024-03-07 15:52:14 [Inside - send Exit] (main:) Haier Chat flow 1 - Step 10
2024-03-07 15:52:44 [Complete - send Exit] (main:) Haier Chat flow 1 - Step 10
2024-03-08 10:29:35 [Whatsapp Open - Inside] (main:) Haier Step - 1
2024-03-08 10:32:09 [Whatsapp Open - Inside] (main:) Haier Step - 1
2024-03-08 10:32:47 [Whatsapp Open - Complete] (main:) Haier Step - 1
2024-03-08 10:32:47 [Send Hi - Inside] (main:) Haier Step - 2
2024-03-08 10:33:34 [Complete - Search Haier] (main:) Haier Chat flow 1 - Step 2
2024-03-08 10:33:34 [Send Hi - Complete] (main:) Haier Step - 2
2024-03-08 10:33:34 [Send Haier - Inside] (main:) Haier Step - 3
2024-03-08 10:33:34 [Inside - Send haier Customer] (main:) Haier Chat flow 1 - Step 3
2024-03-08 10:33:50 [Send Haier - Complete] (main:) Haier Step - 3
2024-03-08 10:33:50 [Send Demo/Installation - Inside] (main:) Haier Step - 4
2024-03-08 10:34:02 [Send Demo/Installation - Complete] (main:) Haier Step - 4
2024-03-08 10:34:02 [Send - Yes - Inside] (main:) Haier Step - 5
2024-03-08 10:34:15 [Send - Yes - Complete] (main:) Haier Step - 5
2024-03-08 10:34:15 [Send - Yes Again - Inside] (main:) Haier Step - 6
2024-03-08 10:34:30 [Send - Yes Again - Complete] (main:) Haier Step - 6
2024-03-08 10:34:30 [Send - Select Rfrigerator - Inside] (main:) Haier Step - 7
2024-03-08 10:34:49 [Send - Select Rfrigerator - Inside] (main:) Haier Step - 7
2024-03-08 10:34:49 [Inside - select Direct Cool] (main:) Haier Chat flow 1 - Step 8
2024-03-08 10:35:06 [Complete - select Direct Cool] (main:) Haier Chat flow 1 - Step 8
2024-03-08 10:35:06 [Inside - send Third - Yes] (main:) Haier Chat flow 1 - Step 9
2024-03-08 10:35:19 [Complete - send Third - Yes] (main:) Haier Chat flow 1 - Step 9
2024-03-08 10:35:19 [Inside - send Exit] (main:) Haier Chat flow 1 - Step 10
2024-03-08 10:35:50 [Complete - send Exit] (main:) Haier Chat flow 1 - Step 10
2024-03-08 14:49:56 [Whatsapp Open - Inside] (main:) Haier Step - 1
2024-03-08 14:50:41 [Whatsapp Open - Complete] (main:) Haier Step - 1
2024-03-08 14:50:41 [Send Hi - Inside] (main:) Haier Step - 2
2024-03-08 14:51:29 [Complete - Search Haier] (main:) Haier Chat flow 1 - Step 2
2024-03-08 14:51:29 [Send Hi - Complete] (main:) Haier Step - 2
2024-03-08 14:51:29 [Send Haier - Inside] (main:) Haier Step - 3
2024-03-08 14:51:29 [Inside - Send haier Customer] (main:) Haier Chat flow 1 - Step 3
2024-03-08 14:51:44 [Send Haier - Complete] (main:) Haier Step - 3
2024-03-08 14:51:44 [Send Demo/Installation - Inside] (main:) Haier Step - 4
2024-03-08 14:51:57 [Send Demo/Installation - Complete] (main:) Haier Step - 4
2024-03-08 14:51:57 [Send - Yes - Inside] (main:) Haier Step - 5
2024-03-08 14:52:09 [Send - Yes - Complete] (main:) Haier Step - 5
2024-03-08 14:52:09 [Send - Yes Again - Inside] (main:) Haier Step - 6
2024-03-08 14:52:25 [Send - Yes Again - Complete] (main:) Haier Step - 6
2024-03-08 14:52:25 [Send - Select Rfrigerator - Inside] (main:) Haier Step - 7
2024-03-08 14:52:43 [Send - Select Rfrigerator - Inside] (main:) Haier Step - 7
2024-03-08 14:52:43 [Inside - select Direct Cool] (main:) Haier Chat flow 1 - Step 8
2024-03-08 14:53:01 [Complete - select Direct Cool] (main:) Haier Chat flow 1 - Step 8
2024-03-08 14:53:01 [Inside - send Third - Yes] (main:) Haier Chat flow 1 - Step 9
2024-03-08 14:53:13 [Complete - send Third - Yes] (main:) Haier Chat flow 1 - Step 9
2024-03-08 14:53:13 [Inside - send Exit] (main:) Haier Chat flow 1 - Step 10
2024-03-08 14:53:44 [Complete - send Exit] (main:) Haier Chat flow 1 - Step 10
2024-03-12 11:12:35 [Whatsapp Open - Inside] (main:) Haier Step - 1
2024-03-12 11:13:14 [Whatsapp Open - Complete] (main:) Haier Step - 1
2024-03-12 11:13:14 [Send Hi - Inside] (main:) Haier Step - 2
2024-03-12 11:14:01 [Complete - Search Haier] (main:) Haier Chat flow 1 - Step 2
2024-03-12 11:14:01 [Send Hi - Complete] (main:) Haier Step - 2
2024-03-12 11:14:01 [Inside - Send haier Customer] (main:) Haier Chat flow 1 - Step 3
2024-03-12 11:14:20 [Send Haier - Complete] (main:) Haier Step - 3
2024-03-12 11:14:20 [Send Demo/Installation - Inside] (main:) Haier Step - 4
2024-03-12 11:14:33 [Send Demo/Installation - Complete] (main:) Haier Step - 4
2024-03-12 11:14:33 [Send - Yes - Inside] (main:) Haier Step - 5
2024-03-12 11:14:46 [Send - Yes - Complete] (main:) Haier Step - 5
2024-03-12 11:14:46 [Send - Yes Again - Inside] (main:) Haier Step - 6
2024-03-12 11:15:01 [Send - Yes Again - Complete] (main:) Haier Step - 6
2024-03-12 11:15:01 [Send - Select Rfrigerator - Inside] (main:) Haier Step - 7
2024-03-12 11:15:19 [Send - Select Rfrigerator - Inside] (main:) Haier Step - 7
2024-03-12 11:15:19 [Inside - select Direct Cool] (main:) Haier Chat flow 1 - Step 8
2024-03-12 11:15:37 [Complete - select Direct Cool] (main:) Haier Chat flow 1 - Step 8
2024-03-12 11:15:37 [Inside - send Third - Yes] (main:) Haier Chat flow 1 - Step 9
2024-03-12 11:15:50 [Complete - send Third - Yes] (main:) Haier Chat flow 1 - Step 9
2024-03-12 11:15:50 [Inside - send Exit] (main:) Haier Chat flow 1 - Step 10
2024-03-12 11:16:20 [Complete - send Exit] (main:) Haier Chat flow 1 - Step 10
2024-03-22 09:47:49 [Whatsapp Open - Inside] (main:) Haier Step - 1
2024-03-22 09:48:30 [Whatsapp Open - Complete] (main:) Haier Step - 1
2024-03-22 09:48:30 [Send Hi - Inside] (main:) Haier Step - 2
2024-03-22 09:49:16 [Complete - Search Haier] (main:) Haier Chat flow 1 - Step 2
2024-03-22 09:49:16 [Send Hi - Complete] (main:) Haier Step - 2
2024-03-22 09:49:16 [Inside - Send haier Customer] (main:) Haier Chat flow 1 - Step 3
2024-03-22 09:49:35 [Send Haier - Complete] (main:) Haier Step - 3
2024-03-22 09:49:35 [Send Demo/Installation - Inside] (main:) Haier Step - 4
2024-03-27 18:27:08 [Whatsapp Open - Inside] (main:) Haier Step - 1
2024-03-27 18:30:28 [Whatsapp Open - Inside] (main:) Haier Step - 1
2024-03-27 18:31:09 [Whatsapp Open - Complete] (main:) Haier Step - 1
2024-03-27 18:31:09 [Send Hi - Inside] (main:) Haier Step - 2
2024-03-27 18:31:56 [Complete - Search Haier] (main:) Haier Chat flow 1 - Step 2
2024-03-27 18:31:56 [Send Hi - Complete] (main:) Haier Step - 2
2024-03-27 18:31:56 [Inside - Send haier Customer] (main:) Haier Chat flow 1 - Step 3
2024-03-27 18:32:16 [Send Haier - Complete] (main:) Haier Step - 3
2024-03-27 18:32:16 [Send Demo/Installation - Inside] (main:) Haier Step - 4
2024-03-29 15:18:24 [Whatsapp Open - Inside] (main:) Haier Step - 1
2024-03-29 15:19:03 [Whatsapp Open - Complete] (main:) Haier Step - 1
2024-03-29 15:19:03 [Send Hi - Inside] (main:) Haier Step - 2
2024-03-29 15:19:51 [Complete - Search Haier] (main:) Haier Chat flow 1 - Step 2
2024-03-29 15:19:51 [Send Hi - Complete] (main:) Haier Step - 2
2024-03-29 15:19:51 [Inside - Send haier Customer] (main:) Haier Chat flow 1 - Step 3
2024-03-29 15:20:11 [Send Haier - Complete] (main:) Haier Step - 3
2024-03-29 15:20:11 [Send Demo/Installation - Inside] (main:) Haier Step - 4
2024-03-29 15:24:21 [Whatsapp Open - Inside] (main:) Haier Step - 1
2024-03-29 15:24:58 [Whatsapp Open - Complete] (main:) Haier Step - 1
2024-03-29 15:24:58 [Send Hi - Inside] (main:) Haier Step - 2
2024-03-29 15:25:46 [Complete - Search Haier] (main:) Haier Chat flow 1 - Step 2
2024-03-29 15:25:46 [Send Hi - Complete] (main:) Haier Step - 2
2024-03-29 15:25:46 [Inside - Send haier Customer] (main:) Haier Chat flow 1 - Step 3
2024-03-29 15:26:06 [Send Haier - Complete] (main:) Haier Step - 3
2024-03-29 15:26:06 [Send Demo/Installation - Inside] (main:) Haier Step - 4
2024-03-29 15:26:18 [Send Demo/Installation - Complete] (main:) Haier Step - 4
2024-03-29 15:26:18 [Send - Yes - Inside] (main:) Haier Step - 5
2024-03-29 15:26:31 [Send - Yes - Complete] (main:) Haier Step - 5
2024-03-29 15:26:31 [Send - Yes Again - Inside] (main:) Haier Step - 6
2024-03-29 15:26:46 [Send - Yes Again - Complete] (main:) Haier Step - 6
2024-03-29 15:26:46 [Send - Select Rfrigerator - Inside] (main:) Haier Step - 7
2024-03-29 15:27:04 [Send - Select Rfrigerator - Inside] (main:) Haier Step - 7
2024-03-29 15:27:04 [Inside - select Direct Cool] (main:) Haier Chat flow 1 - Step 8
2024-03-29 15:27:10 [Complete - select Direct Cool] (main:) Haier Chat flow 1 - Step 8
2024-03-29 15:27:10 [Inside - send Third - Yes] (main:) Haier Chat flow 1 - Step 9
2024-03-29 15:27:22 [Complete - send Third - Yes] (main:) Haier Chat flow 1 - Step 9
2024-03-29 15:27:22 [Inside - send Exit] (main:) Haier Chat flow 1 - Step 10
2024-03-29 15:27:53 [Complete - send Exit] (main:) Haier Chat flow 1 - Step 10
2024-03-29 15:50:25 [Whatsapp Open - Inside] (main:) Haier Step - 1
2024-03-29 15:51:02 [Whatsapp Open - Complete] (main:) Haier Step - 1
2024-03-29 15:51:02 [Send Hi - Inside] (main:) Haier Step - 2
2024-03-29 15:51:48 [Complete - Search Haier] (main:) Haier Chat flow 1 - Step 2
2024-03-29 15:51:48 [Send Hi - Complete] (main:) Haier Step - 2
2024-03-29 15:51:48 [Inside - Send haier Customer] (main:) Haier Chat flow 1 - Step 3
2024-03-29 15:52:08 [Send Haier - Complete] (main:) Haier Step - 3
2024-03-29 15:52:08 [Send Demo/Installation - Inside] (main:) Haier Step - 4
2024-03-29 15:52:20 [Send Demo/Installation - Complete] (main:) Haier Step - 4
2024-03-29 15:52:21 [Send - Yes - Inside] (main:) Haier Step - 5
2024-03-29 15:52:33 [Send - Yes - Complete] (main:) Haier Step - 5
2024-03-29 15:52:33 [Send - Yes Again - Inside] (main:) Haier Step - 6
2024-03-29 15:52:49 [Send - Yes Again - Complete] (main:) Haier Step - 6
2024-03-29 15:52:49 [Send - Select Rfrigerator - Inside] (main:) Haier Step - 7
2024-03-29 15:53:06 [Send - Select Rfrigerator - Inside] (main:) Haier Step - 7
2024-03-29 15:53:06 [Inside - select Direct Cool] (main:) Haier Chat flow 1 - Step 8
2024-03-29 15:53:12 [Complete - select Direct Cool] (main:) Haier Chat flow 1 - Step 8
2024-03-29 15:53:12 [Inside - send Third - Yes] (main:) Haier Chat flow 1 - Step 9
2024-03-29 15:53:24 [Complete - send Third - Yes] (main:) Haier Chat flow 1 - Step 9
2024-03-29 15:53:24 [Inside - send Exit] (main:) Haier Chat flow 1 - Step 10
2024-03-29 15:53:54 [Complete - send Exit] (main:) Haier Chat flow 1 - Step 10
2024-03-29 16:16:23 [Whatsapp Open - Inside] (main:) Haier Step - 1
2024-03-29 16:17:00 [Whatsapp Open - Complete] (main:) Haier Step - 1
2024-03-29 16:17:00 [Send Hi - Inside] (main:) Haier Step - 2
2024-03-29 16:17:47 [Complete - Search Haier] (main:) Haier Chat flow 1 - Step 2
2024-03-29 16:17:47 [Send Hi - Complete] (main:) Haier Step - 2
2024-03-29 16:17:47 [Inside - Send haier Customer] (main:) Haier Chat flow 1 - Step 3
2024-03-29 16:18:07 [Send Haier - Complete] (main:) Haier Step - 3
2024-03-29 16:18:07 [Send Demo/Installation - Inside] (main:) Haier Step - 4
2024-03-29 16:18:19 [Send Demo/Installation - Complete] (main:) Haier Step - 4
2024-03-29 16:18:19 [Send - Yes - Inside] (main:) Haier Step - 5
2024-03-29 16:18:32 [Send - Yes - Complete] (main:) Haier Step - 5
2024-03-29 16:18:32 [Send - Yes Again - Inside] (main:) Haier Step - 6
2024-03-29 16:18:47 [Send - Yes Again - Complete] (main:) Haier Step - 6
2024-03-29 16:18:47 [Send - Select Rfrigerator - Inside] (main:) Haier Step - 7
2024-03-29 16:19:05 [Send - Select Rfrigerator - Inside] (main:) Haier Step - 7
2024-03-29 16:19:05 [Inside - select Direct Cool] (main:) Haier Chat flow 1 - Step 8
2024-03-29 16:19:11 [Complete - select Direct Cool] (main:) Haier Chat flow 1 - Step 8
2024-03-29 16:19:11 [Inside - send Third - Yes] (main:) Haier Chat flow 1 - Step 9
2024-03-29 16:19:23 [Complete - send Third - Yes] (main:) Haier Chat flow 1 - Step 9
2024-03-29 16:19:23 [Inside - send Exit] (main:) Haier Chat flow 1 - Step 10
2024-03-29 16:19:53 [Complete - send Exit] (main:) Haier Chat flow 1 - Step 10
2024-04-02 15:17:56 [Whatsapp Open - Inside] (main:) Haier Step - 1
2024-04-02 15:18:39 [Whatsapp Open - Complete] (main:) Haier Step - 1
2024-04-02 15:18:39 [Send Hi - Inside] (main:) Haier Step - 2
2024-04-02 15:19:25 [Complete - Search Haier] (main:) Haier Chat flow 1 - Step 2
2024-04-02 15:19:25 [Send Hi - Complete] (main:) Haier Step - 2
2024-04-02 15:19:25 [Inside - Send haier Customer] (main:) Haier Chat flow 1 - Step 3
2024-04-02 15:19:45 [Send Haier - Complete] (main:) Haier Step - 3
2024-04-02 15:19:45 [Send Demo/Installation - Inside] (main:) Haier Step - 4
2024-04-02 15:19:57 [Send Demo/Installation - Complete] (main:) Haier Step - 4
2024-04-02 15:19:57 [Send - Yes - Inside] (main:) Haier Step - 5
2024-04-02 15:20:10 [Send - Yes - Complete] (main:) Haier Step - 5
2024-04-02 15:20:10 [Send - Yes Again - Inside] (main:) Haier Step - 6
2024-04-02 15:20:26 [Send - Yes Again - Complete] (main:) Haier Step - 6
2024-04-02 15:20:26 [Send - Select Rfrigerator - Inside] (main:) Haier Step - 7
2024-04-02 15:20:44 [Send - Select Rfrigerator - Inside] (main:) Haier Step - 7
2024-04-02 15:20:44 [Inside - select Direct Cool] (main:) Haier Chat flow 1 - Step 8
2024-04-02 15:20:49 [Complete - select Direct Cool] (main:) Haier Chat flow 1 - Step 8
2024-04-02 15:20:49 [Inside - send Third - Yes] (main:) Haier Chat flow 1 - Step 9
2024-04-02 15:21:02 [Complete - send Third - Yes] (main:) Haier Chat flow 1 - Step 9
2024-04-02 15:21:02 [Inside - send Exit] (main:) Haier Chat flow 1 - Step 10
2024-04-02 15:21:32 [Complete - send Exit] (main:) Haier Chat flow 1 - Step 10
2024-04-03 15:49:08 [Whatsapp Open - Inside] (main:) Haier Step - 1
2024-04-03 15:49:48 [Whatsapp Open - Complete] (main:) Haier Step - 1
2024-04-03 15:49:48 [Send Hi - Inside] (main:) Haier Step - 2
2024-04-03 15:50:35 [Complete - Search Haier] (main:) Haier Chat flow 1 - Step 2
2024-04-03 15:50:35 [Send Hi - Complete] (main:) Haier Step - 2
2024-04-03 15:50:35 [Inside - Send haier Customer] (main:) Haier Chat flow 1 - Step 3
2024-04-03 15:50:54 [Send Haier - Complete] (main:) Haier Step - 3
2024-04-03 15:50:54 [Send Demo/Installation - Inside] (main:) Haier Step - 4
2024-04-03 15:51:07 [Send Demo/Installation - Complete] (main:) Haier Step - 4
2024-04-03 15:51:07 [Send - Yes - Inside] (main:) Haier Step - 5
2024-04-03 15:51:19 [Send - Yes - Complete] (main:) Haier Step - 5
2024-04-03 15:51:19 [Send - Yes Again - Inside] (main:) Haier Step - 6
2024-04-03 15:51:35 [Send - Yes Again - Complete] (main:) Haier Step - 6
2024-04-03 15:51:35 [Send - Select Rfrigerator - Inside] (main:) Haier Step - 7
2024-04-03 15:51:52 [Send - Select Rfrigerator - Inside] (main:) Haier Step - 7
2024-04-03 15:51:52 [Inside - select Direct Cool] (main:) Haier Chat flow 1 - Step 8
2024-04-03 15:51:58 [Complete - select Direct Cool] (main:) Haier Chat flow 1 - Step 8
2024-04-03 15:51:58 [Inside - send Third - Yes] (main:) Haier Chat flow 1 - Step 9
2024-04-03 15:52:11 [Complete - send Third - Yes] (main:) Haier Chat flow 1 - Step 9
2024-04-03 15:52:11 [Inside - send Exit] (main:) Haier Chat flow 1 - Step 10
2024-04-03 15:52:41 [Complete - send Exit] (main:) Haier Chat flow 1 - Step 10
2024-04-16 11:07:21 [Whatsapp Open - Inside] (main:) Haier Step - 1
2024-04-16 11:08:02 [Whatsapp Open - Complete] (main:) Haier Step - 1
2024-04-16 11:08:02 [Send Hi - Inside] (main:) Haier Step - 2
2024-04-16 11:08:49 [Complete - Search Haier] (main:) Haier Chat flow 1 - Step 2
2024-04-16 11:08:49 [Send Hi - Complete] (main:) Haier Step - 2
2024-04-16 11:08:49 [Inside - Send haier Customer] (main:) Haier Chat flow 1 - Step 3
2024-04-16 11:09:08 [Send Haier - Complete] (main:) Haier Step - 3
2024-04-16 11:09:08 [Send Demo/Installation - Inside] (main:) Haier Step - 4
2024-04-16 11:09:21 [Send Demo/Installation - Complete] (main:) Haier Step - 4
2024-04-16 11:09:21 [Send - Yes - Inside] (main:) Haier Step - 5
2024-04-16 11:09:33 [Send - Yes - Complete] (main:) Haier Step - 5
2024-04-16 11:09:33 [Send - Yes Again - Inside] (main:) Haier Step - 6
2024-04-16 11:09:49 [Send - Yes Again - Complete] (main:) Haier Step - 6
2024-04-16 11:09:49 [Send - Select Rfrigerator - Inside] (main:) Haier Step - 7
2024-04-16 11:10:07 [Send - Select Rfrigerator - Inside] (main:) Haier Step - 7
2024-04-16 11:10:07 [Inside - select Direct Cool] (main:) Haier Chat flow 1 - Step 8
2024-04-16 11:10:13 [Complete - select Direct Cool] (main:) Haier Chat flow 1 - Step 8
2024-04-16 11:10:13 [Inside - send Third - Yes] (main:) Haier Chat flow 1 - Step 9
2024-04-16 11:10:25 [Complete - send Third - Yes] (main:) Haier Chat flow 1 - Step 9
2024-04-16 11:10:25 [Inside - send Exit] (main:) Haier Chat flow 1 - Step 10
2024-04-16 11:10:56 [Complete - send Exit] (main:) Haier Chat flow 1 - Step 10
2024-04-16 11:18:18 [Whatsapp Open - Inside] (main:) Haier Step - 1
2024-04-16 11:18:56 [Whatsapp Open - Complete] (main:) Haier Step - 1
2024-04-16 11:18:56 [Send Hi - Inside] (main:) Haier Step - 2
2024-04-16 11:19:43 [Complete - Search Haier] (main:) Haier Chat flow 1 - Step 2
2024-04-16 11:19:43 [Send Hi - Complete] (main:) Haier Step - 2
2024-04-16 11:19:43 [Inside - Send haier Customer] (main:) Haier Chat flow 1 - Step 3
2024-04-16 11:20:03 [Send Haier - Complete] (main:) Haier Step - 3
2024-04-16 11:20:03 [Send Demo/Installation - Inside] (main:) Haier Step - 4
2024-04-16 11:20:15 [Send Demo/Installation - Complete] (main:) Haier Step - 4
2024-04-16 11:20:15 [Send - Yes - Inside] (main:) Haier Step - 5
2024-04-16 11:20:28 [Send - Yes - Complete] (main:) Haier Step - 5
2024-04-16 11:20:28 [Send - Yes Again - Inside] (main:) Haier Step - 6
2024-04-16 11:20:43 [Send - Yes Again - Complete] (main:) Haier Step - 6
2024-04-16 11:20:43 [Send - Select Rfrigerator - Inside] (main:) Haier Step - 7
2024-04-16 11:21:01 [Send - Select Rfrigerator - Inside] (main:) Haier Step - 7
2024-04-16 11:21:01 [Inside - select Direct Cool] (main:) Haier Chat flow 1 - Step 8
2024-04-16 11:21:07 [Complete - select Direct Cool] (main:) Haier Chat flow 1 - Step 8
2024-04-16 11:21:07 [Inside - send Third - Yes] (main:) Haier Chat flow 1 - Step 9
2024-04-16 11:21:20 [Complete - send Third - Yes] (main:) Haier Chat flow 1 - Step 9
2024-04-16 11:21:20 [Inside - send Exit] (main:) Haier Chat flow 1 - Step 10
2024-04-16 11:28:46 [Whatsapp Open - Inside] (main:) Haier Step - 1
2024-04-16 11:29:26 [Whatsapp Open - Complete] (main:) Haier Step - 1
2024-04-16 11:29:26 [Send Hi - Inside] (main:) Haier Step - 2
2024-04-16 11:30:13 [Complete - Search Haier] (main:) Haier Chat flow 1 - Step 2
2024-04-16 11:30:13 [Send Hi - Complete] (main:) Haier Step - 2
2024-04-16 11:30:13 [Inside - Send haier Customer] (main:) Haier Chat flow 1 - Step 3
2024-04-16 11:30:32 [Send Haier - Complete] (main:) Haier Step - 3
2024-04-16 11:30:32 [Send Demo/Installation - Inside] (main:) Haier Step - 4
2024-04-16 11:30:45 [Send Demo/Installation - Complete] (main:) Haier Step - 4
2024-04-16 11:30:45 [Send - Yes - Inside] (main:) Haier Step - 5
2024-04-16 11:30:57 [Send - Yes - Complete] (main:) Haier Step - 5
2024-04-16 11:30:58 [Send - Yes Again - Inside] (main:) Haier Step - 6
2024-04-16 11:31:13 [Send - Yes Again - Complete] (main:) Haier Step - 6
2024-04-16 11:31:14 [Send - Select Rfrigerator - Inside] (main:) Haier Step - 7
2024-04-16 11:31:31 [Send - Select Rfrigerator - Inside] (main:) Haier Step - 7
2024-04-16 11:31:31 [Inside - select Direct Cool] (main:) Haier Chat flow 1 - Step 8
2024-04-16 11:31:49 [Complete - select Direct Cool] (main:) Haier Chat flow 1 - Step 8
2024-04-16 11:31:49 [Inside - send Third - Yes] (main:) Haier Chat flow 1 - Step 9
2024-04-16 11:32:02 [Complete - send Third - Yes] (main:) Haier Chat flow 1 - Step 9
2024-04-16 11:32:02 [Inside - send Exit] (main:) Haier Chat flow 1 - Step 10
2024-04-16 11:32:32 [Complete - send Exit] (main:) Haier Chat flow 1 - Step 10
